0 info it worked if it ends with ok
1 verbose cli [ '/home/tautorn/.nvm/versions/node/v4.2.6/bin/node',
1 verbose cli   '/home/tautorn/.nvm/versions/node/v4.2.6/bin/npm',
1 verbose cli   'publish',
1 verbose cli   '--tag',
1 verbose cli   'lerna-temp' ]
2 info using npm@2.14.12
3 info using node@v4.2.6
4 verbose publish [ '.' ]
5 silly cache add args [ '.', null ]
6 verbose cache add spec .
7 silly cache add parsed spec Result {
7 silly cache add   raw: '.',
7 silly cache add   scope: null,
7 silly cache add   name: null,
7 silly cache add   rawSpec: '.',
7 silly cache add   spec: '/home/tautorn/Desktop/Projects/lerna-manager/packages/core',
7 silly cache add   type: 'directory' }
8 verbose addLocalDirectory /home/tautorn/.npm/core/0.0.2/package.tgz not in flight; packing
9 verbose tar pack [ '/home/tautorn/.npm/core/0.0.2/package.tgz',
9 verbose tar pack   '/home/tautorn/Desktop/Projects/lerna-manager/packages/core' ]
10 verbose tarball /home/tautorn/.npm/core/0.0.2/package.tgz
11 verbose folder /home/tautorn/Desktop/Projects/lerna-manager/packages/core
12 info prepublish core@0.0.2
13 verbose addLocalTarball adding from inside cache /home/tautorn/.npm/core/0.0.2/package.tgz
14 silly cache afterAdd core@0.0.2
15 verbose afterAdd /home/tautorn/.npm/core/0.0.2/package/package.json not in flight; writing
16 verbose afterAdd /home/tautorn/.npm/core/0.0.2/package/package.json written
17 silly publish { name: 'core',
17 silly publish   version: '0.0.2',
17 silly publish   description: '',
17 silly publish   main: 'index.js',
17 silly publish   scripts: { test: 'echo "Error: no test specified" && exit 1' },
17 silly publish   keywords: [],
17 silly publish   author: '',
17 silly publish   license: 'ISC',
17 silly publish   readme: 'ERROR: No README data found!',
17 silly publish   _id: 'core@0.0.2',
17 silly publish   _shasum: 'c78add362d653c78aee9b6395fb7eddd7a1afd0c',
17 silly publish   _from: '.' }
18 verbose getPublishConfig undefined
19 silly mapToRegistry name core
20 silly mapToRegistry using default registry
21 silly mapToRegistry registry https://registry.npmjs.org/
22 silly mapToRegistry uri https://registry.npmjs.org/core
23 verbose publish registryBase https://registry.npmjs.org/
24 silly publish uploading /home/tautorn/.npm/core/0.0.2/package.tgz
25 verbose stack Error: auth required for publishing
25 verbose stack     at CachingRegistryClient.publish (/home/tautorn/.nvm/versions/node/v4.2.6/lib/node_modules/npm/node_modules/npm-registry-client/lib/publish.js:30:14)
25 verbose stack     at /home/tautorn/.nvm/versions/node/v4.2.6/lib/node_modules/npm/lib/publish.js:134:14
25 verbose stack     at mapToRegistry (/home/tautorn/.nvm/versions/node/v4.2.6/lib/node_modules/npm/lib/utils/map-to-registry.js:55:3)
25 verbose stack     at publish_ (/home/tautorn/.nvm/versions/node/v4.2.6/lib/node_modules/npm/lib/publish.js:104:3)
25 verbose stack     at Array.<anonymous> (/home/tautorn/.nvm/versions/node/v4.2.6/lib/node_modules/npm/node_modules/slide/lib/bind-actor.js:15:8)
25 verbose stack     at LOOP (/home/tautorn/.nvm/versions/node/v4.2.6/lib/node_modules/npm/node_modules/slide/lib/chain.js:15:14)
25 verbose stack     at LOOP (/home/tautorn/.nvm/versions/node/v4.2.6/lib/node_modules/npm/node_modules/slide/lib/chain.js:14:28)
25 verbose stack     at chain (/home/tautorn/.nvm/versions/node/v4.2.6/lib/node_modules/npm/node_modules/slide/lib/chain.js:20:5)
25 verbose stack     at /home/tautorn/.nvm/versions/node/v4.2.6/lib/node_modules/npm/lib/publish.js:73:5
25 verbose stack     at RES (/home/tautorn/.nvm/versions/node/v4.2.6/lib/node_modules/npm/node_modules/inflight/inflight.js:23:14)
26 verbose cwd /home/tautorn/Desktop/Projects/lerna-manager/packages/core
27 error Linux 4.4.0-66-generic
28 error argv "/home/tautorn/.nvm/versions/node/v4.2.6/bin/node" "/home/tautorn/.nvm/versions/node/v4.2.6/bin/npm" "publish" "--tag" "lerna-temp"
29 error node v4.2.6
30 error npm  v2.14.12
31 error code ENEEDAUTH
32 error need auth auth required for publishing
32 error need auth You need to authorize this machine using `npm adduser`
33 verbose exit [ 1, true ]
